<?xml version="1.0" encoding="UTF-8"?>
<robot generator="Robot 7.1.1 (Python 3.13.0 on win32)" generated="2024-12-27T09:07:38.540734" rpa="false" schemaversion="5">
<suite id="s1" name="Login DDT Excel" source="C:\Users\KapuluruMadhanMohanR\PycharmProjects\RobotFramework\Day11\DDT\Login_DDT_Excel.robot">
<kw name="Open My Browser" owner="login_page_resource" type="SETUP">
<kw name="Open Browser" owner="SeleniumLibrary">
<msg time="2024-12-27T09:07:39.642957" level="INFO">Opening browser 'chrome' to base url 'https://opensource-demo.orangehrmlive.com/web/index.php/auth/login'.</msg>
<arg>${URL}</arg>
<arg>${BROWSER}</arg>
<arg>options=add_experimental_option("detach",True)</arg>
<doc>Opens a new browser instance to the optional ``url``.</doc>
<status status="PASS" start="2024-12-27T09:07:39.642667" elapsed="5.949600"/>
</kw>
<kw name="Maximize Browser Window" owner="SeleniumLibrary">
<doc>Maximizes current browser window.</doc>
<status status="PASS" start="2024-12-27T09:07:45.592633" elapsed="0.123148"/>
</kw>
<kw name="Set Selenium Implicit Wait" owner="SeleniumLibrary">
<arg>3s</arg>
<doc>Sets the implicit wait value used by Selenium.</doc>
<status status="PASS" start="2024-12-27T09:07:45.716248" elapsed="0.001822"/>
</kw>
<status status="PASS" start="2024-12-27T09:07:39.642036" elapsed="6.076272"/>
</kw>
<test id="s1-t1" name="Data Driven Testing using Test Data in Excel File" line="14">
<kw name="Login Functionality">
<kw name="Input Username" owner="login_page_resource">
<kw name="Input Text" owner="SeleniumLibrary">
<msg time="2024-12-27T09:07:45.722933" level="INFO">Typing text 'Admin' into text field 'xpath=//input[@name='username']'.</msg>
<arg>xpath=//input[@name='username']</arg>
<arg>${username}</arg>
<doc>Types the given ``text`` into the text field identified by ``locator``.</doc>
<status status="PASS" start="2024-12-27T09:07:45.722227" elapsed="0.408013"/>
</kw>
<arg>${username}</arg>
<status status="PASS" start="2024-12-27T09:07:45.721420" elapsed="0.408999"/>
</kw>
<kw name="Input Password" owner="login_page_resource">
<kw name="Input Text" owner="SeleniumLibrary">
<msg time="2024-12-27T09:07:46.131460" level="INFO">Typing text 'admin123' into text field 'xpath=//input[@name='password']'.</msg>
<arg>xpath=//input[@name='password']</arg>
<arg>${password}</arg>
<doc>Types the given ``text`` into the text field identified by ``locator``.</doc>
<status status="PASS" start="2024-12-27T09:07:46.131133" elapsed="0.153095"/>
</kw>
<arg>${password}</arg>
<status status="PASS" start="2024-12-27T09:07:46.130630" elapsed="0.153757"/>
</kw>
<kw name="Click Login Button" owner="login_page_resource">
<kw name="Click Element" owner="SeleniumLibrary">
<msg time="2024-12-27T09:07:46.285271" level="INFO">Clicking element 'xpath=//button[@type='submit']'.</msg>
<arg>xpath=//button[@type='submit']</arg>
<doc>Click the element identified by ``locator``.</doc>
<status status="PASS" start="2024-12-27T09:07:46.285015" elapsed="1.250128"/>
</kw>
<status status="PASS" start="2024-12-27T09:07:46.284574" elapsed="1.250825"/>
</kw>
<kw name="Get Location" owner="SeleniumLibrary">
<msg time="2024-12-27T09:07:47.577755" level="INFO">${current_url} = https://opensource-demo.orangehrmlive.com/web/index.php/dashboard/index</msg>
<var>${current_url}</var>
<doc>Returns the current browser window URL.</doc>
<status status="PASS" start="2024-12-27T09:07:47.535627" elapsed="0.042230"/>
</kw>
<kw name="Log" owner="BuiltIn">
<msg time="2024-12-27T09:07:47.578609" level="INFO">Current URL: https://opensource-demo.orangehrmlive.com/web/index.php/dashboard/index</msg>
<arg>Current URL: ${current_url}</arg>
<arg>console=True</arg>
<doc>Logs the given message with the given level.</doc>
<status status="PASS" start="2024-12-27T09:07:47.578101" elapsed="0.000875"/>
</kw>
<kw name="Run Keyword If" owner="BuiltIn">
<kw name="Handle Successful Login">
<kw name="Log" owner="BuiltIn">
<msg time="2024-12-27T09:07:47.581222" level="INFO">Login successful</msg>
<arg>Login successful</arg>
<arg>console=True</arg>
<doc>Logs the given message with the given level.</doc>
<status status="PASS" start="2024-12-27T09:07:47.580834" elapsed="0.000668"/>
</kw>
<kw name="Set Test Variable" owner="BuiltIn">
<msg time="2024-12-27T09:07:47.582908" level="INFO">${login_status} = PASSED</msg>
<arg>${login_status}</arg>
<arg>PASSED</arg>
<doc>Makes a variable available everywhere within the scope of the current test.</doc>
<status status="PASS" start="2024-12-27T09:07:47.581699" elapsed="0.001345"/>
</kw>
<kw name="Click Logout Link" owner="login_page_resource">
<kw name="Click Element" owner="SeleniumLibrary">
<msg time="2024-12-27T09:07:47.584149" level="INFO">Clicking element 'class:oxd-userdropdown-name'.</msg>
<arg>class:oxd-userdropdown-name</arg>
<doc>Click the element identified by ``locator``.</doc>
<status status="PASS" start="2024-12-27T09:07:47.583847" elapsed="0.529240"/>
</kw>
<kw name="Click Link" owner="SeleniumLibrary">
<msg time="2024-12-27T09:07:48.113769" level="INFO">Clicking link 'Logout'.</msg>
<arg>Logout</arg>
<doc>Clicks a link identified by ``locator``.</doc>
<status status="PASS" start="2024-12-27T09:07:48.113354" elapsed="1.669669"/>
</kw>
<status status="PASS" start="2024-12-27T09:07:47.583343" elapsed="2.199863"/>
</kw>
<status status="PASS" start="2024-12-27T09:07:47.580133" elapsed="2.203178"/>
</kw>
<arg>'${current_url}' == '${DASHBOARD_URL}'</arg>
<arg>Handle Successful Login</arg>
<arg>ELSE</arg>
<arg>Handle Failed Login</arg>
<doc>Runs the given keyword with the given arguments, if ``condition`` is true.</doc>
<status status="PASS" start="2024-12-27T09:07:47.579329" elapsed="2.204072"/>
</kw>
<kw name="Log" owner="BuiltIn">
<msg time="2024-12-27T09:07:49.784031" level="INFO">Final Login Status: PASSED</msg>
<arg>Final Login Status: ${login_status}</arg>
<arg>console=True</arg>
<doc>Logs the given message with the given level.</doc>
<status status="PASS" start="2024-12-27T09:07:49.783609" elapsed="0.000637"/>
</kw>
<arg>username=Admin</arg>
<arg>password=admin123</arg>
<status status="PASS" start="2024-12-27T09:07:45.720332" elapsed="4.064044"/>
</kw>
<status status="PASS" start="2024-12-27T09:07:45.718554" elapsed="4.065999"/>
</test>
<test id="s1-t2" name="Data Driven Testing using Test Data in Excel File" line="14">
<kw name="Login Functionality">
<kw name="Input Username" owner="login_page_resource">
<kw name="Input Text" owner="SeleniumLibrary">
<msg time="2024-12-27T09:07:49.789492" level="INFO">Typing text 'Admin' into text field 'xpath=//input[@name='username']'.</msg>
<arg>xpath=//input[@name='username']</arg>
<arg>${username}</arg>
<doc>Types the given ``text`` into the text field identified by ``locator``.</doc>
<status status="PASS" start="2024-12-27T09:07:49.789047" elapsed="0.644607"/>
</kw>
<arg>${username}</arg>
<status status="PASS" start="2024-12-27T09:07:49.788381" elapsed="0.645483"/>
</kw>
<kw name="Input Password" owner="login_page_resource">
<kw name="Input Text" owner="SeleniumLibrary">
<msg time="2024-12-27T09:07:50.435407" level="INFO">Typing text 'admin12' into text field 'xpath=//input[@name='password']'.</msg>
<arg>xpath=//input[@name='password']</arg>
<arg>${password}</arg>
<doc>Types the given ``text`` into the text field identified by ``locator``.</doc>
<status status="PASS" start="2024-12-27T09:07:50.434809" elapsed="0.371982"/>
</kw>
<arg>${password}</arg>
<status status="PASS" start="2024-12-27T09:07:50.434136" elapsed="0.372858"/>
</kw>
<kw name="Click Login Button" owner="login_page_resource">
<kw name="Click Element" owner="SeleniumLibrary">
<msg time="2024-12-27T09:07:50.808544" level="INFO">Clicking element 'xpath=//button[@type='submit']'.</msg>
<arg>xpath=//button[@type='submit']</arg>
<doc>Click the element identified by ``locator``.</doc>
<status status="PASS" start="2024-12-27T09:07:50.808004" elapsed="0.172795"/>
</kw>
<status status="PASS" start="2024-12-27T09:07:50.807313" elapsed="0.173702"/>
</kw>
<kw name="Get Location" owner="SeleniumLibrary">
<msg time="2024-12-27T09:07:51.993087" level="INFO">${current_url} = https://opensource-demo.orangehrmlive.com/web/index.php/auth/login</msg>
<var>${current_url}</var>
<doc>Returns the current browser window URL.</doc>
<status status="PASS" start="2024-12-27T09:07:50.981240" elapsed="1.012366"/>
</kw>
<kw name="Log" owner="BuiltIn">
<msg time="2024-12-27T09:07:51.994294" level="INFO">Current URL: https://opensource-demo.orangehrmlive.com/web/index.php/auth/login</msg>
<arg>Current URL: ${current_url}</arg>
<arg>console=True</arg>
<doc>Logs the given message with the given level.</doc>
<status status="PASS" start="2024-12-27T09:07:51.993879" elapsed="0.000568"/>
</kw>
<kw name="Run Keyword If" owner="BuiltIn">
<kw name="Handle Failed Login">
<kw name="Log" owner="BuiltIn">
<msg time="2024-12-27T09:07:51.995856" level="INFO">Login failed</msg>
<arg>Login failed</arg>
<arg>console=True</arg>
<doc>Logs the given message with the given level.</doc>
<status status="PASS" start="2024-12-27T09:07:51.995491" elapsed="0.000511"/>
</kw>
<kw name="Run Keyword And Return Status" owner="BuiltIn">
<kw name="Element Should Be Visible" owner="SeleniumLibrary">
<msg time="2024-12-27T09:07:55.244258" level="INFO" html="true">&lt;/td&gt;&lt;/tr&gt;&lt;tr&gt;&lt;td colspan="3"&gt;&lt;a href="selenium-screenshot-1.png"&gt;&lt;img src="selenium-screenshot-1.png" width="800px"&gt;&lt;/a&gt;</msg>
<msg time="2024-12-27T09:07:55.244661" level="FAIL">Element with locator 'xpath=//p[contains(text(), "Invalid credentials")]' not found.</msg>
<arg>xpath=//p[contains(text(), "${ERROR_MSG}")]</arg>
<doc>Verifies that the element identified by ``locator`` is visible.</doc>
<status status="FAIL" start="2024-12-27T09:07:51.996435" elapsed="3.259961">Element with locator 'xpath=//p[contains(text(), "Invalid credentials")]' not found.</status>
</kw>
<msg time="2024-12-27T09:07:55.256836" level="INFO">${error_visible} = False</msg>
<var>${error_visible}</var>
<arg>Element Should Be Visible</arg>
<arg>xpath=//p[contains(text(), "${ERROR_MSG}")]</arg>
<doc>Runs the given keyword with given arguments and returns the status as a Boolean value.</doc>
<status status="PASS" start="2024-12-27T09:07:51.996169" elapsed="3.260752"/>
</kw>
<kw name="Log" owner="BuiltIn">
<msg time="2024-12-27T09:07:55.261276" level="INFO">Error Message Visible: False</msg>
<arg>Error Message Visible: ${error_visible}</arg>
<arg>console=True</arg>
<doc>Logs the given message with the given level.</doc>
<status status="PASS" start="2024-12-27T09:07:55.260397" elapsed="0.001224"/>
</kw>
<kw name="Set Test Variable" owner="BuiltIn">
<msg time="2024-12-27T09:07:55.264938" level="INFO">${login_status} = FAILED</msg>
<arg>${login_status}</arg>
<arg>FAILED</arg>
<doc>Makes a variable available everywhere within the scope of the current test.</doc>
<status status="PASS" start="2024-12-27T09:07:55.262030" elapsed="0.003110"/>
</kw>
<status status="PASS" start="2024-12-27T09:07:51.995108" elapsed="3.270463"/>
</kw>
<arg>'${current_url}' == '${DASHBOARD_URL}'</arg>
<arg>Handle Successful Login</arg>
<arg>ELSE</arg>
<arg>Handle Failed Login</arg>
<doc>Runs the given keyword with the given arguments, if ``condition`` is true.</doc>
<status status="PASS" start="2024-12-27T09:07:51.994629" elapsed="3.271209"/>
</kw>
<kw name="Log" owner="BuiltIn">
<msg time="2024-12-27T09:07:55.267213" level="INFO">Final Login Status: FAILED</msg>
<arg>Final Login Status: ${login_status}</arg>
<arg>console=True</arg>
<doc>Logs the given message with the given level.</doc>
<status status="PASS" start="2024-12-27T09:07:55.266441" elapsed="0.001080"/>
</kw>
<arg>username=Admin</arg>
<arg>password=admin12</arg>
<status status="PASS" start="2024-12-27T09:07:49.787616" elapsed="5.480196"/>
</kw>
<status status="PASS" start="2024-12-27T09:07:49.785296" elapsed="5.482874"/>
</test>
<test id="s1-t3" name="Data Driven Testing using Test Data in Excel File" line="14">
<kw name="Login Functionality">
<kw name="Input Username" owner="login_page_resource">
<kw name="Input Text" owner="SeleniumLibrary">
<msg time="2024-12-27T09:07:55.277720" level="INFO">Typing text 'Adm' into text field 'xpath=//input[@name='username']'.</msg>
<arg>xpath=//input[@name='username']</arg>
<arg>${username}</arg>
<doc>Types the given ``text`` into the text field identified by ``locator``.</doc>
<status status="PASS" start="2024-12-27T09:07:55.276803" elapsed="0.152623"/>
</kw>
<arg>${username}</arg>
<status status="PASS" start="2024-12-27T09:07:55.275421" elapsed="0.154287"/>
</kw>
<kw name="Input Password" owner="login_page_resource">
<kw name="Input Text" owner="SeleniumLibrary">
<msg time="2024-12-27T09:07:55.431949" level="INFO">Typing text 'admin123' into text field 'xpath=//input[@name='password']'.</msg>
<arg>xpath=//input[@name='password']</arg>
<arg>${password}</arg>
<doc>Types the given ``text`` into the text field identified by ``locator``.</doc>
<status status="PASS" start="2024-12-27T09:07:55.431276" elapsed="0.383568"/>
</kw>
<arg>${password}</arg>
<status status="PASS" start="2024-12-27T09:07:55.430205" elapsed="0.384922"/>
</kw>
<kw name="Click Login Button" owner="login_page_resource">
<kw name="Click Element" owner="SeleniumLibrary">
<msg time="2024-12-27T09:07:55.817055" level="INFO">Clicking element 'xpath=//button[@type='submit']'.</msg>
<arg>xpath=//button[@type='submit']</arg>
<doc>Click the element identified by ``locator``.</doc>
<status status="PASS" start="2024-12-27T09:07:55.816463" elapsed="1.098769"/>
</kw>
<status status="PASS" start="2024-12-27T09:07:55.815480" elapsed="1.100006"/>
</kw>
<kw name="Get Location" owner="SeleniumLibrary">
<msg time="2024-12-27T09:07:57.003064" level="INFO">${current_url} = https://opensource-demo.orangehrmlive.com/web/index.php/auth/login</msg>
<var>${current_url}</var>
<doc>Returns the current browser window URL.</doc>
<status status="PASS" start="2024-12-27T09:07:56.915779" elapsed="0.087398"/>
</kw>
<kw name="Log" owner="BuiltIn">
<msg time="2024-12-27T09:07:57.004245" level="INFO">Current URL: https://opensource-demo.orangehrmlive.com/web/index.php/auth/login</msg>
<arg>Current URL: ${current_url}</arg>
<arg>console=True</arg>
<doc>Logs the given message with the given level.</doc>
<status status="PASS" start="2024-12-27T09:07:57.003537" elapsed="0.001007"/>
</kw>
<kw name="Run Keyword If" owner="BuiltIn">
<kw name="Handle Failed Login">
<kw name="Log" owner="BuiltIn">
<msg time="2024-12-27T09:07:57.007038" level="INFO">Login failed</msg>
<arg>Login failed</arg>
<arg>console=True</arg>
<doc>Logs the given message with the given level.</doc>
<status status="PASS" start="2024-12-27T09:07:57.006513" elapsed="0.000788"/>
</kw>
<kw name="Run Keyword And Return Status" owner="BuiltIn">
<kw name="Element Should Be Visible" owner="SeleniumLibrary">
<msg time="2024-12-27T09:08:00.150907" level="INFO" html="true">&lt;/td&gt;&lt;/tr&gt;&lt;tr&gt;&lt;td colspan="3"&gt;&lt;a href="selenium-screenshot-2.png"&gt;&lt;img src="selenium-screenshot-2.png" width="800px"&gt;&lt;/a&gt;</msg>
<msg time="2024-12-27T09:08:00.151097" level="FAIL">Element with locator 'xpath=//p[contains(text(), "Invalid credentials")]' not found.</msg>
<arg>xpath=//p[contains(text(), "${ERROR_MSG}")]</arg>
<doc>Verifies that the element identified by ``locator`` is visible.</doc>
<status status="FAIL" start="2024-12-27T09:07:57.008175" elapsed="3.143924">Element with locator 'xpath=//p[contains(text(), "Invalid credentials")]' not found.</status>
</kw>
<msg time="2024-12-27T09:08:00.152238" level="INFO">${error_visible} = False</msg>
<var>${error_visible}</var>
<arg>Element Should Be Visible</arg>
<arg>xpath=//p[contains(text(), "${ERROR_MSG}")]</arg>
<doc>Runs the given keyword with given arguments and returns the status as a Boolean value.</doc>
<status status="PASS" start="2024-12-27T09:07:57.007629" elapsed="3.144633"/>
</kw>
<kw name="Log" owner="BuiltIn">
<msg time="2024-12-27T09:08:00.152611" level="INFO">Error Message Visible: False</msg>
<arg>Error Message Visible: ${error_visible}</arg>
<arg>console=True</arg>
<doc>Logs the given message with the given level.</doc>
<status status="PASS" start="2024-12-27T09:08:00.152386" elapsed="0.000322"/>
</kw>
<kw name="Set Test Variable" owner="BuiltIn">
<msg time="2024-12-27T09:08:00.153672" level="INFO">${login_status} = FAILED</msg>
<arg>${login_status}</arg>
<arg>FAILED</arg>
<doc>Makes a variable available everywhere within the scope of the current test.</doc>
<status status="PASS" start="2024-12-27T09:08:00.152918" elapsed="0.000807"/>
</kw>
<status status="PASS" start="2024-12-27T09:07:57.005772" elapsed="3.148023"/>
</kw>
<arg>'${current_url}' == '${DASHBOARD_URL}'</arg>
<arg>Handle Successful Login</arg>
<arg>ELSE</arg>
<arg>Handle Failed Login</arg>
<doc>Runs the given keyword with the given arguments, if ``condition`` is true.</doc>
<status status="PASS" start="2024-12-27T09:07:57.004910" elapsed="3.148946"/>
</kw>
<kw name="Log" owner="BuiltIn">
<msg time="2024-12-27T09:08:00.154161" level="INFO">Final Login Status: FAILED</msg>
<arg>Final Login Status: ${login_status}</arg>
<arg>console=True</arg>
<doc>Logs the given message with the given level.</doc>
<status status="PASS" start="2024-12-27T09:08:00.153952" elapsed="0.000304"/>
</kw>
<arg>username=Adm</arg>
<arg>password=admin123</arg>
<status status="PASS" start="2024-12-27T09:07:55.274418" elapsed="4.879902"/>
</kw>
<status status="PASS" start="2024-12-27T09:07:55.270263" elapsed="4.884137"/>
</test>
<test id="s1-t4" name="Data Driven Testing using Test Data in Excel File" line="14">
<kw name="Login Functionality">
<kw name="Input Username" owner="login_page_resource">
<kw name="Input Text" owner="SeleniumLibrary">
<msg time="2024-12-27T09:08:00.156806" level="INFO">Typing text 'Adm' into text field 'xpath=//input[@name='username']'.</msg>
<arg>xpath=//input[@name='username']</arg>
<arg>${username}</arg>
<doc>Types the given ``text`` into the text field identified by ``locator``.</doc>
<status status="PASS" start="2024-12-27T09:08:00.156629" elapsed="0.117948"/>
</kw>
<arg>${username}</arg>
<status status="PASS" start="2024-12-27T09:08:00.156383" elapsed="0.118371"/>
</kw>
<kw name="Input Password" owner="login_page_resource">
<kw name="Input Text" owner="SeleniumLibrary">
<msg time="2024-12-27T09:08:00.276421" level="INFO">Typing text 'admin12' into text field 'xpath=//input[@name='password']'.</msg>
<arg>xpath=//input[@name='password']</arg>
<arg>${password}</arg>
<doc>Types the given ``text`` into the text field identified by ``locator``.</doc>
<status status="PASS" start="2024-12-27T09:08:00.276058" elapsed="0.275914"/>
</kw>
<arg>${password}</arg>
<status status="PASS" start="2024-12-27T09:08:00.274965" elapsed="0.277242"/>
</kw>
<kw name="Click Login Button" owner="login_page_resource">
<kw name="Click Element" owner="SeleniumLibrary">
<msg time="2024-12-27T09:08:00.553529" level="INFO">Clicking element 'xpath=//button[@type='submit']'.</msg>
<arg>xpath=//button[@type='submit']</arg>
<doc>Click the element identified by ``locator``.</doc>
<status status="PASS" start="2024-12-27T09:08:00.553151" elapsed="0.779341"/>
</kw>
<status status="PASS" start="2024-12-27T09:08:00.552416" elapsed="0.780272"/>
</kw>
<kw name="Get Location" owner="SeleniumLibrary">
<msg time="2024-12-27T09:08:01.340863" level="INFO">${current_url} = https://opensource-demo.orangehrmlive.com/web/index.php/auth/login</msg>
<var>${current_url}</var>
<doc>Returns the current browser window URL.</doc>
<status status="PASS" start="2024-12-27T09:08:01.332877" elapsed="0.008046"/>
</kw>
<kw name="Log" owner="BuiltIn">
<msg time="2024-12-27T09:08:01.341528" level="INFO">Current URL: https://opensource-demo.orangehrmlive.com/web/index.php/auth/login</msg>
<arg>Current URL: ${current_url}</arg>
<arg>console=True</arg>
<doc>Logs the given message with the given level.</doc>
<status status="PASS" start="2024-12-27T09:08:01.341132" elapsed="0.000559"/>
</kw>
<kw name="Run Keyword If" owner="BuiltIn">
<kw name="Handle Failed Login">
<kw name="Log" owner="BuiltIn">
<msg time="2024-12-27T09:08:01.342922" level="INFO">Login failed</msg>
<arg>Login failed</arg>
<arg>console=True</arg>
<doc>Logs the given message with the given level.</doc>
<status status="PASS" start="2024-12-27T09:08:01.342687" elapsed="0.000357"/>
</kw>
<kw name="Run Keyword And Return Status" owner="BuiltIn">
<kw name="Element Should Be Visible" owner="SeleniumLibrary">
<msg time="2024-12-27T09:08:04.430367" level="INFO" html="true">&lt;/td&gt;&lt;/tr&gt;&lt;tr&gt;&lt;td colspan="3"&gt;&lt;a href="selenium-screenshot-3.png"&gt;&lt;img src="selenium-screenshot-3.png" width="800px"&gt;&lt;/a&gt;</msg>
<msg time="2024-12-27T09:08:04.430579" level="FAIL">Element with locator 'xpath=//p[contains(text(), "Invalid credentials")]' not found.</msg>
<arg>xpath=//p[contains(text(), "${ERROR_MSG}")]</arg>
<doc>Verifies that the element identified by ``locator`` is visible.</doc>
<status status="FAIL" start="2024-12-27T09:08:01.344073" elapsed="3.087883">Element with locator 'xpath=//p[contains(text(), "Invalid credentials")]' not found.</status>
</kw>
<msg time="2024-12-27T09:08:04.432128" level="INFO">${error_visible} = False</msg>
<var>${error_visible}</var>
<arg>Element Should Be Visible</arg>
<arg>xpath=//p[contains(text(), "${ERROR_MSG}")]</arg>
<doc>Runs the given keyword with given arguments and returns the status as a Boolean value.</doc>
<status status="PASS" start="2024-12-27T09:08:01.343197" elapsed="3.088971"/>
</kw>
<kw name="Log" owner="BuiltIn">
<msg time="2024-12-27T09:08:04.432684" level="INFO">Error Message Visible: False</msg>
<arg>Error Message Visible: ${error_visible}</arg>
<arg>console=True</arg>
<doc>Logs the given message with the given level.</doc>
<status status="PASS" start="2024-12-27T09:08:04.432350" elapsed="0.000512"/>
</kw>
<kw name="Set Test Variable" owner="BuiltIn">
<msg time="2024-12-27T09:08:04.433780" level="INFO">${login_status} = FAILED</msg>
<arg>${login_status}</arg>
<arg>FAILED</arg>
<doc>Makes a variable available everywhere within the scope of the current test.</doc>
<status status="PASS" start="2024-12-27T09:08:04.433025" elapsed="0.000816"/>
</kw>
<status status="PASS" start="2024-12-27T09:08:01.342311" elapsed="3.091630"/>
</kw>
<arg>'${current_url}' == '${DASHBOARD_URL}'</arg>
<arg>Handle Successful Login</arg>
<arg>ELSE</arg>
<arg>Handle Failed Login</arg>
<doc>Runs the given keyword with the given arguments, if ``condition`` is true.</doc>
<status status="PASS" start="2024-12-27T09:08:01.341857" elapsed="3.092155"/>
</kw>
<kw name="Log" owner="BuiltIn">
<msg time="2024-12-27T09:08:04.434381" level="INFO">Final Login Status: FAILED</msg>
<arg>Final Login Status: ${login_status}</arg>
<arg>console=True</arg>
<doc>Logs the given message with the given level.</doc>
<status status="PASS" start="2024-12-27T09:08:04.434142" elapsed="0.000347"/>
</kw>
<arg>username=Adm</arg>
<arg>password=admin12</arg>
<status status="PASS" start="2024-12-27T09:08:00.155653" elapsed="4.278941"/>
</kw>
<status status="PASS" start="2024-12-27T09:08:00.154646" elapsed="4.280076"/>
</test>
<kw name="Close Browsers" owner="login_page_resource" type="TEARDOWN">
<kw name="Close All Browsers" owner="SeleniumLibrary">
<doc>Closes all open browsers and resets the browser cache.</doc>
<status status="PASS" start="2024-12-27T09:08:04.435516" elapsed="2.302799"/>
</kw>
<status status="PASS" start="2024-12-27T09:08:04.435186" elapsed="2.303270"/>
</kw>
<status status="PASS" start="2024-12-27T09:07:38.573924" elapsed="28.164593"/>
</suite>
<statistics>
<total>
<stat pass="4" fail="0" skip="0">All Tests</stat>
</total>
<tag>
</tag>
<suite>
<stat pass="4" fail="0" skip="0" id="s1" name="Login DDT Excel">Login DDT Excel</stat>
</suite>
</statistics>
<errors>
<msg time="2024-12-27T09:07:49.784948" level="WARN">Multiple tests with name 'Data Driven Testing using Test Data in Excel File' executed in suite 'Login DDT Excel'.</msg>
<msg time="2024-12-27T09:07:55.269671" level="WARN">Multiple tests with name 'Data Driven Testing using Test Data in Excel File' executed in suite 'Login DDT Excel'.</msg>
<msg time="2024-12-27T09:08:00.154561" level="WARN">Multiple tests with name 'Data Driven Testing using Test Data in Excel File' executed in suite 'Login DDT Excel'.</msg>
</errors>
</robot>
