<?xml version="1.0" encoding="UTF-8"?>
<robot generator="Robot 7.1.1 (Python 3.13.0 on win32)" generated="2024-12-27T09:07:33.436501" rpa="false" schemaversion="5">
<suite id="s1" name="Login DDT Excel" source="C:\Users\KapuluruMadhanMohanR\PycharmProjects\RobotFramework\Day11\DDT\Login_DDT_Excel.robot">
<kw name="Open My Browser" owner="login_page_resource" type="SETUP">
<kw name="Open Browser" owner="SeleniumLibrary">
<msg time="2024-12-27T09:07:35.169056" level="INFO">Opening browser 'chrome' to base url 'https://opensource-demo.orangehrmlive.com/web/index.php/auth/login'.</msg>
<arg>${URL}</arg>
<arg>${BROWSER}</arg>
<arg>options=add_experimental_option("detach",True)</arg>
<doc>Opens a new browser instance to the optional ``url``.</doc>
<status status="PASS" start="2024-12-27T09:07:35.168389" elapsed="5.398784"/>
</kw>
<kw name="Maximize Browser Window" owner="SeleniumLibrary">
<doc>Maximizes current browser window.</doc>
<status status="PASS" start="2024-12-27T09:07:40.567461" elapsed="0.035845"/>
</kw>
<kw name="Set Selenium Implicit Wait" owner="SeleniumLibrary">
<arg>3s</arg>
<doc>Sets the implicit wait value used by Selenium.</doc>
<status status="PASS" start="2024-12-27T09:07:40.603870" elapsed="0.002202"/>
</kw>
<status status="PASS" start="2024-12-27T09:07:35.166440" elapsed="5.439882"/>
</kw>
<test id="s1-t1" name="Data Driven Testing using Test Data in Excel File" line="14">
<kw name="Login Functionality">
<kw name="Input Username" owner="login_page_resource">
<kw name="Input Text" owner="SeleniumLibrary">
<msg time="2024-12-27T09:07:40.610282" level="INFO">Typing text 'Admin' into text field 'xpath=//input[@name='username']'.</msg>
<arg>xpath=//input[@name='username']</arg>
<arg>${username}</arg>
<doc>Types the given ``text`` into the text field identified by ``locator``.</doc>
<status status="PASS" start="2024-12-27T09:07:40.609698" elapsed="0.498700"/>
</kw>
<arg>${username}</arg>
<status status="PASS" start="2024-12-27T09:07:40.609123" elapsed="0.499473"/>
</kw>
<kw name="Input Password" owner="login_page_resource">
<kw name="Input Text" owner="SeleniumLibrary">
<msg time="2024-12-27T09:07:41.109843" level="INFO">Typing text 'admin123' into text field 'xpath=//input[@name='password']'.</msg>
<arg>xpath=//input[@name='password']</arg>
<arg>${password}</arg>
<doc>Types the given ``text`` into the text field identified by ``locator``.</doc>
<status status="PASS" start="2024-12-27T09:07:41.109466" elapsed="0.202150"/>
</kw>
<arg>${password}</arg>
<status status="PASS" start="2024-12-27T09:07:41.108844" elapsed="0.202944"/>
</kw>
<kw name="Click Login Button" owner="login_page_resource">
<kw name="Click Element" owner="SeleniumLibrary">
<msg time="2024-12-27T09:07:41.312894" level="INFO">Clicking element 'xpath=//button[@type='submit']'.</msg>
<arg>xpath=//button[@type='submit']</arg>
<doc>Click the element identified by ``locator``.</doc>
<status status="PASS" start="2024-12-27T09:07:41.312551" elapsed="1.258382"/>
</kw>
<status status="PASS" start="2024-12-27T09:07:41.312021" elapsed="1.259065"/>
</kw>
<kw name="Get Location" owner="SeleniumLibrary">
<msg time="2024-12-27T09:07:42.650127" level="INFO">${current_url} = https://opensource-demo.orangehrmlive.com/web/index.php/dashboard/index</msg>
<var>${current_url}</var>
<doc>Returns the current browser window URL.</doc>
<status status="PASS" start="2024-12-27T09:07:42.571269" elapsed="0.078945"/>
</kw>
<kw name="Log" owner="BuiltIn">
<msg time="2024-12-27T09:07:42.650978" level="INFO">Current URL: https://opensource-demo.orangehrmlive.com/web/index.php/dashboard/index</msg>
<arg>Current URL: ${current_url}</arg>
<arg>console=True</arg>
<doc>Logs the given message with the given level.</doc>
<status status="PASS" start="2024-12-27T09:07:42.650475" elapsed="0.000891"/>
</kw>
<kw name="Run Keyword If" owner="BuiltIn">
<kw name="Handle Successful Login">
<kw name="Log" owner="BuiltIn">
<msg time="2024-12-27T09:07:42.653301" level="INFO">Login successful</msg>
<arg>Login successful</arg>
<arg>console=True</arg>
<doc>Logs the given message with the given level.</doc>
<status status="PASS" start="2024-12-27T09:07:42.652978" elapsed="0.000517"/>
</kw>
<kw name="Set Test Variable" owner="BuiltIn">
<msg time="2024-12-27T09:07:42.655137" level="INFO">${login_status} = PASSED</msg>
<arg>${login_status}</arg>
<arg>PASSED</arg>
<doc>Makes a variable available everywhere within the scope of the current test.</doc>
<status status="PASS" start="2024-12-27T09:07:42.653715" elapsed="0.001559"/>
</kw>
<kw name="Click Logout Link" owner="login_page_resource">
<kw name="Click Element" owner="SeleniumLibrary">
<msg time="2024-12-27T09:07:42.656554" level="INFO">Clicking element 'class:oxd-userdropdown-name'.</msg>
<arg>class:oxd-userdropdown-name</arg>
<doc>Click the element identified by ``locator``.</doc>
<status status="PASS" start="2024-12-27T09:07:42.656185" elapsed="0.512047"/>
</kw>
<kw name="Click Link" owner="SeleniumLibrary">
<msg time="2024-12-27T09:07:43.168830" level="INFO">Clicking link 'Logout'.</msg>
<arg>Logout</arg>
<doc>Clicks a link identified by ``locator``.</doc>
<status status="PASS" start="2024-12-27T09:07:43.168408" elapsed="1.830333"/>
</kw>
<status status="PASS" start="2024-12-27T09:07:42.655580" elapsed="2.343398"/>
</kw>
<status status="PASS" start="2024-12-27T09:07:42.652455" elapsed="2.346620"/>
</kw>
<arg>'${current_url}' == '${DASHBOARD_URL}'</arg>
<arg>Handle Successful Login</arg>
<arg>ELSE</arg>
<arg>Handle Failed Login</arg>
<doc>Runs the given keyword with the given arguments, if ``condition`` is true.</doc>
<status status="PASS" start="2024-12-27T09:07:42.651681" elapsed="2.347466"/>
</kw>
<kw name="Log" owner="BuiltIn">
<msg time="2024-12-27T09:07:44.999787" level="INFO">Final Login Status: PASSED</msg>
<arg>Final Login Status: ${login_status}</arg>
<arg>console=True</arg>
<doc>Logs the given message with the given level.</doc>
<status status="PASS" start="2024-12-27T09:07:44.999327" elapsed="0.000683"/>
</kw>
<arg>username=Admin</arg>
<arg>password=admin123</arg>
<status status="PASS" start="2024-12-27T09:07:40.608276" elapsed="4.391882"/>
</kw>
<status status="PASS" start="2024-12-27T09:07:40.606485" elapsed="4.393904"/>
</test>
<test id="s1-t2" name="Data Driven Testing using Test Data in Excel File" line="14">
<kw name="Login Functionality">
<kw name="Input Username" owner="login_page_resource">
<kw name="Input Text" owner="SeleniumLibrary">
<msg time="2024-12-27T09:07:45.005462" level="INFO">Typing text 'Admin' into text field 'xpath=//input[@name='username']'.</msg>
<arg>xpath=//input[@name='username']</arg>
<arg>${username}</arg>
<doc>Types the given ``text`` into the text field identified by ``locator``.</doc>
<status status="PASS" start="2024-12-27T09:07:45.004994" elapsed="0.459016"/>
</kw>
<arg>${username}</arg>
<status status="PASS" start="2024-12-27T09:07:45.004337" elapsed="0.460007"/>
</kw>
<kw name="Input Password" owner="login_page_resource">
<kw name="Input Text" owner="SeleniumLibrary">
<msg time="2024-12-27T09:07:45.465702" level="INFO">Typing text 'admin12' into text field 'xpath=//input[@name='password']'.</msg>
<arg>xpath=//input[@name='password']</arg>
<arg>${password}</arg>
<doc>Types the given ``text`` into the text field identified by ``locator``.</doc>
<status status="PASS" start="2024-12-27T09:07:45.465213" elapsed="0.118557"/>
</kw>
<arg>${password}</arg>
<status status="PASS" start="2024-12-27T09:07:45.464549" elapsed="0.119380"/>
</kw>
<kw name="Click Login Button" owner="login_page_resource">
<kw name="Click Element" owner="SeleniumLibrary">
<msg time="2024-12-27T09:07:45.585088" level="INFO">Clicking element 'xpath=//button[@type='submit']'.</msg>
<arg>xpath=//button[@type='submit']</arg>
<doc>Click the element identified by ``locator``.</doc>
<status status="PASS" start="2024-12-27T09:07:45.584619" elapsed="1.279445"/>
</kw>
<status status="PASS" start="2024-12-27T09:07:45.584119" elapsed="1.280051"/>
</kw>
<kw name="Get Location" owner="SeleniumLibrary">
<msg time="2024-12-27T09:07:46.868845" level="INFO">${current_url} = https://opensource-demo.orangehrmlive.com/web/index.php/auth/login</msg>
<var>${current_url}</var>
<doc>Returns the current browser window URL.</doc>
<status status="PASS" start="2024-12-27T09:07:46.864293" elapsed="0.004836"/>
</kw>
<kw name="Log" owner="BuiltIn">
<msg time="2024-12-27T09:07:46.869568" level="INFO">Current URL: https://opensource-demo.orangehrmlive.com/web/index.php/auth/login</msg>
<arg>Current URL: ${current_url}</arg>
<arg>console=True</arg>
<doc>Logs the given message with the given level.</doc>
<status status="PASS" start="2024-12-27T09:07:46.869297" elapsed="0.000362"/>
</kw>
<kw name="Run Keyword If" owner="BuiltIn">
<kw name="Handle Failed Login">
<kw name="Log" owner="BuiltIn">
<msg time="2024-12-27T09:07:46.871169" level="INFO">Login failed</msg>
<arg>Login failed</arg>
<arg>console=True</arg>
<doc>Logs the given message with the given level.</doc>
<status status="PASS" start="2024-12-27T09:07:46.870627" elapsed="0.000758"/>
</kw>
<kw name="Run Keyword And Return Status" owner="BuiltIn">
<kw name="Element Should Be Visible" owner="SeleniumLibrary">
<msg time="2024-12-27T09:07:50.029817" level="INFO" html="true">&lt;/td&gt;&lt;/tr&gt;&lt;tr&gt;&lt;td colspan="3"&gt;&lt;a href="selenium-screenshot-1.png"&gt;&lt;img src="selenium-screenshot-1.png" width="800px"&gt;&lt;/a&gt;</msg>
<msg time="2024-12-27T09:07:50.030153" level="FAIL">Element with locator 'xpath=//p[contains(text(), "Invalid credentials")]' not found.</msg>
<arg>xpath=//p[contains(text(), "${ERROR_MSG}")]</arg>
<doc>Verifies that the element identified by ``locator`` is visible.</doc>
<status status="FAIL" start="2024-12-27T09:07:46.872143" elapsed="3.164469">Element with locator 'xpath=//p[contains(text(), "Invalid credentials")]' not found.</status>
</kw>
<msg time="2024-12-27T09:07:50.037571" level="INFO">${error_visible} = False</msg>
<var>${error_visible}</var>
<arg>Element Should Be Visible</arg>
<arg>xpath=//p[contains(text(), "${ERROR_MSG}")]</arg>
<doc>Runs the given keyword with given arguments and returns the status as a Boolean value.</doc>
<status status="PASS" start="2024-12-27T09:07:46.871617" elapsed="3.166033"/>
</kw>
<kw name="Log" owner="BuiltIn">
<msg time="2024-12-27T09:07:50.038865" level="INFO">Error Message Visible: False</msg>
<arg>Error Message Visible: ${error_visible}</arg>
<arg>console=True</arg>
<doc>Logs the given message with the given level.</doc>
<status status="PASS" start="2024-12-27T09:07:50.037957" elapsed="0.001184"/>
</kw>
<kw name="Set Test Variable" owner="BuiltIn">
<msg time="2024-12-27T09:07:50.040965" level="INFO">${login_status} = FAILED</msg>
<arg>${login_status}</arg>
<arg>FAILED</arg>
<doc>Makes a variable available everywhere within the scope of the current test.</doc>
<status status="PASS" start="2024-12-27T09:07:50.039486" elapsed="0.001606"/>
</kw>
<status status="PASS" start="2024-12-27T09:07:46.870065" elapsed="3.171193"/>
</kw>
<arg>'${current_url}' == '${DASHBOARD_URL}'</arg>
<arg>Handle Successful Login</arg>
<arg>ELSE</arg>
<arg>Handle Failed Login</arg>
<doc>Runs the given keyword with the given arguments, if ``condition`` is true.</doc>
<status status="PASS" start="2024-12-27T09:07:46.869774" elapsed="3.171586"/>
</kw>
<kw name="Log" owner="BuiltIn">
<msg time="2024-12-27T09:07:50.041987" level="INFO">Final Login Status: FAILED</msg>
<arg>Final Login Status: ${login_status}</arg>
<arg>console=True</arg>
<doc>Logs the given message with the given level.</doc>
<status status="PASS" start="2024-12-27T09:07:50.041564" elapsed="0.000601"/>
</kw>
<arg>username=Admin</arg>
<arg>password=admin12</arg>
<status status="PASS" start="2024-12-27T09:07:45.003543" elapsed="5.038768"/>
</kw>
<status status="PASS" start="2024-12-27T09:07:45.001573" elapsed="5.040930"/>
</test>
<test id="s1-t3" name="Data Driven Testing using Test Data in Excel File" line="14">
<kw name="Login Functionality">
<kw name="Input Username" owner="login_page_resource">
<kw name="Input Text" owner="SeleniumLibrary">
<msg time="2024-12-27T09:07:50.046269" level="INFO">Typing text 'Adm' into text field 'xpath=//input[@name='username']'.</msg>
<arg>xpath=//input[@name='username']</arg>
<arg>${username}</arg>
<doc>Types the given ``text`` into the text field identified by ``locator``.</doc>
<status status="PASS" start="2024-12-27T09:07:50.045847" elapsed="0.191046"/>
</kw>
<arg>${username}</arg>
<status status="PASS" start="2024-12-27T09:07:50.045212" elapsed="0.192074"/>
</kw>
<kw name="Input Password" owner="login_page_resource">
<kw name="Input Text" owner="SeleniumLibrary">
<msg time="2024-12-27T09:07:50.239183" level="INFO">Typing text 'admin123' into text field 'xpath=//input[@name='password']'.</msg>
<arg>xpath=//input[@name='password']</arg>
<arg>${password}</arg>
<doc>Types the given ``text`` into the text field identified by ``locator``.</doc>
<status status="PASS" start="2024-12-27T09:07:50.238533" elapsed="0.358020"/>
</kw>
<arg>${password}</arg>
<status status="PASS" start="2024-12-27T09:07:50.237578" elapsed="0.359261"/>
</kw>
<kw name="Click Login Button" owner="login_page_resource">
<kw name="Click Element" owner="SeleniumLibrary">
<msg time="2024-12-27T09:07:50.598274" level="INFO">Clicking element 'xpath=//button[@type='submit']'.</msg>
<arg>xpath=//button[@type='submit']</arg>
<doc>Click the element identified by ``locator``.</doc>
<status status="PASS" start="2024-12-27T09:07:50.597757" elapsed="0.233978"/>
</kw>
<status status="PASS" start="2024-12-27T09:07:50.597121" elapsed="0.234924"/>
</kw>
<kw name="Get Location" owner="SeleniumLibrary">
<msg time="2024-12-27T09:07:51.606267" level="INFO">${current_url} = https://opensource-demo.orangehrmlive.com/web/index.php/auth/login</msg>
<var>${current_url}</var>
<doc>Returns the current browser window URL.</doc>
<status status="PASS" start="2024-12-27T09:07:50.832350" elapsed="0.774020"/>
</kw>
<kw name="Log" owner="BuiltIn">
<msg time="2024-12-27T09:07:51.607300" level="INFO">Current URL: https://opensource-demo.orangehrmlive.com/web/index.php/auth/login</msg>
<arg>Current URL: ${current_url}</arg>
<arg>console=True</arg>
<doc>Logs the given message with the given level.</doc>
<status status="PASS" start="2024-12-27T09:07:51.606662" elapsed="0.000870"/>
</kw>
<kw name="Run Keyword If" owner="BuiltIn">
<kw name="Handle Failed Login">
<kw name="Log" owner="BuiltIn">
<msg time="2024-12-27T09:07:51.609421" level="INFO">Login failed</msg>
<arg>Login failed</arg>
<arg>console=True</arg>
<doc>Logs the given message with the given level.</doc>
<status status="PASS" start="2024-12-27T09:07:51.609078" elapsed="0.000535"/>
</kw>
<kw name="Run Keyword And Return Status" owner="BuiltIn">
<kw name="Element Should Be Visible" owner="SeleniumLibrary">
<msg time="2024-12-27T09:07:54.764295" level="INFO" html="true">&lt;/td&gt;&lt;/tr&gt;&lt;tr&gt;&lt;td colspan="3"&gt;&lt;a href="selenium-screenshot-2.png"&gt;&lt;img src="selenium-screenshot-2.png" width="800px"&gt;&lt;/a&gt;</msg>
<msg time="2024-12-27T09:07:54.764617" level="FAIL">Element with locator 'xpath=//p[contains(text(), "Invalid credentials")]' not found.</msg>
<arg>xpath=//p[contains(text(), "${ERROR_MSG}")]</arg>
<doc>Verifies that the element identified by ``locator`` is visible.</doc>
<status status="FAIL" start="2024-12-27T09:07:51.610188" elapsed="3.157424">Element with locator 'xpath=//p[contains(text(), "Invalid credentials")]' not found.</status>
</kw>
<msg time="2024-12-27T09:07:54.768006" level="INFO">${error_visible} = False</msg>
<var>${error_visible}</var>
<arg>Element Should Be Visible</arg>
<arg>xpath=//p[contains(text(), "${ERROR_MSG}")]</arg>
<doc>Runs the given keyword with given arguments and returns the status as a Boolean value.</doc>
<status status="PASS" start="2024-12-27T09:07:51.609839" elapsed="3.158289"/>
</kw>
<kw name="Log" owner="BuiltIn">
<msg time="2024-12-27T09:07:54.769432" level="INFO">Error Message Visible: False</msg>
<arg>Error Message Visible: ${error_visible}</arg>
<arg>console=True</arg>
<doc>Logs the given message with the given level.</doc>
<status status="PASS" start="2024-12-27T09:07:54.768494" elapsed="0.001258"/>
</kw>
<kw name="Set Test Variable" owner="BuiltIn">
<msg time="2024-12-27T09:07:54.772527" level="INFO">${login_status} = FAILED</msg>
<arg>${login_status}</arg>
<arg>FAILED</arg>
<doc>Makes a variable available everywhere within the scope of the current test.</doc>
<status status="PASS" start="2024-12-27T09:07:54.770433" elapsed="0.002285"/>
</kw>
<status status="PASS" start="2024-12-27T09:07:51.608509" elapsed="3.164476"/>
</kw>
<arg>'${current_url}' == '${DASHBOARD_URL}'</arg>
<arg>Handle Successful Login</arg>
<arg>ELSE</arg>
<arg>Handle Failed Login</arg>
<doc>Runs the given keyword with the given arguments, if ``condition`` is true.</doc>
<status status="PASS" start="2024-12-27T09:07:51.607824" elapsed="3.165326"/>
</kw>
<kw name="Log" owner="BuiltIn">
<msg time="2024-12-27T09:07:54.774134" level="INFO">Final Login Status: FAILED</msg>
<arg>Final Login Status: ${login_status}</arg>
<arg>console=True</arg>
<doc>Logs the given message with the given level.</doc>
<status status="PASS" start="2024-12-27T09:07:54.773477" elapsed="0.000924"/>
</kw>
<arg>username=Adm</arg>
<arg>password=admin123</arg>
<status status="PASS" start="2024-12-27T09:07:50.044568" elapsed="4.730136"/>
</kw>
<status status="PASS" start="2024-12-27T09:07:50.043056" elapsed="4.731952"/>
</test>
<test id="s1-t4" name="Data Driven Testing using Test Data in Excel File" line="14">
<kw name="Login Functionality">
<kw name="Input Username" owner="login_page_resource">
<kw name="Input Text" owner="SeleniumLibrary">
<msg time="2024-12-27T09:07:54.781395" level="INFO">Typing text 'Adm' into text field 'xpath=//input[@name='username']'.</msg>
<arg>xpath=//input[@name='username']</arg>
<arg>${username}</arg>
<doc>Types the given ``text`` into the text field identified by ``locator``.</doc>
<status status="PASS" start="2024-12-27T09:07:54.780436" elapsed="0.145718"/>
</kw>
<arg>${username}</arg>
<status status="PASS" start="2024-12-27T09:07:54.779528" elapsed="0.146902"/>
</kw>
<kw name="Input Password" owner="login_page_resource">
<kw name="Input Text" owner="SeleniumLibrary">
<msg time="2024-12-27T09:07:54.928768" level="INFO">Typing text 'admin12' into text field 'xpath=//input[@name='password']'.</msg>
<arg>xpath=//input[@name='password']</arg>
<arg>${password}</arg>
<doc>Types the given ``text`` into the text field identified by ``locator``.</doc>
<status status="PASS" start="2024-12-27T09:07:54.927832" elapsed="0.319465"/>
</kw>
<arg>${password}</arg>
<status status="PASS" start="2024-12-27T09:07:54.926775" elapsed="0.320851"/>
</kw>
<kw name="Click Login Button" owner="login_page_resource">
<kw name="Click Element" owner="SeleniumLibrary">
<msg time="2024-12-27T09:07:55.249436" level="INFO">Clicking element 'xpath=//button[@type='submit']'.</msg>
<arg>xpath=//button[@type='submit']</arg>
<doc>Click the element identified by ``locator``.</doc>
<status status="PASS" start="2024-12-27T09:07:55.248863" elapsed="0.954429"/>
</kw>
<status status="PASS" start="2024-12-27T09:07:55.248016" elapsed="0.955814"/>
</kw>
<kw name="Get Location" owner="SeleniumLibrary">
<msg time="2024-12-27T09:07:56.245289" level="INFO">${current_url} = https://opensource-demo.orangehrmlive.com/web/index.php/auth/login</msg>
<var>${current_url}</var>
<doc>Returns the current browser window URL.</doc>
<status status="PASS" start="2024-12-27T09:07:56.204318" elapsed="0.041335"/>
</kw>
<kw name="Log" owner="BuiltIn">
<msg time="2024-12-27T09:07:56.247080" level="INFO">Current URL: https://opensource-demo.orangehrmlive.com/web/index.php/auth/login</msg>
<arg>Current URL: ${current_url}</arg>
<arg>console=True</arg>
<doc>Logs the given message with the given level.</doc>
<status status="PASS" start="2024-12-27T09:07:56.246272" elapsed="0.001159"/>
</kw>
<kw name="Run Keyword If" owner="BuiltIn">
<kw name="Handle Failed Login">
<kw name="Log" owner="BuiltIn">
<msg time="2024-12-27T09:07:56.250624" level="INFO">Login failed</msg>
<arg>Login failed</arg>
<arg>console=True</arg>
<doc>Logs the given message with the given level.</doc>
<status status="PASS" start="2024-12-27T09:07:56.250040" elapsed="0.000898"/>
</kw>
<kw name="Run Keyword And Return Status" owner="BuiltIn">
<kw name="Element Should Be Visible" owner="SeleniumLibrary">
<msg time="2024-12-27T09:07:59.366160" level="INFO" html="true">&lt;/td&gt;&lt;/tr&gt;&lt;tr&gt;&lt;td colspan="3"&gt;&lt;a href="selenium-screenshot-3.png"&gt;&lt;img src="selenium-screenshot-3.png" width="800px"&gt;&lt;/a&gt;</msg>
<msg time="2024-12-27T09:07:59.366311" level="FAIL">Element with locator 'xpath=//p[contains(text(), "Invalid credentials")]' not found.</msg>
<arg>xpath=//p[contains(text(), "${ERROR_MSG}")]</arg>
<doc>Verifies that the element identified by ``locator`` is visible.</doc>
<status status="FAIL" start="2024-12-27T09:07:56.254123" elapsed="3.113104">Element with locator 'xpath=//p[contains(text(), "Invalid credentials")]' not found.</status>
</kw>
<msg time="2024-12-27T09:07:59.367366" level="INFO">${error_visible} = False</msg>
<var>${error_visible}</var>
<arg>Element Should Be Visible</arg>
<arg>xpath=//p[contains(text(), "${ERROR_MSG}")]</arg>
<doc>Runs the given keyword with given arguments and returns the status as a Boolean value.</doc>
<status status="PASS" start="2024-12-27T09:07:56.251319" elapsed="3.116072"/>
</kw>
<kw name="Log" owner="BuiltIn">
<msg time="2024-12-27T09:07:59.367735" level="INFO">Error Message Visible: False</msg>
<arg>Error Message Visible: ${error_visible}</arg>
<arg>console=True</arg>
<doc>Logs the given message with the given level.</doc>
<status status="PASS" start="2024-12-27T09:07:59.367511" elapsed="0.000318"/>
</kw>
<kw name="Set Test Variable" owner="BuiltIn">
<msg time="2024-12-27T09:07:59.368983" level="INFO">${login_status} = FAILED</msg>
<arg>${login_status}</arg>
<arg>FAILED</arg>
<doc>Makes a variable available everywhere within the scope of the current test.</doc>
<status status="PASS" start="2024-12-27T09:07:59.368099" elapsed="0.000955"/>
</kw>
<status status="PASS" start="2024-12-27T09:07:56.249085" elapsed="3.120078"/>
</kw>
<arg>'${current_url}' == '${DASHBOARD_URL}'</arg>
<arg>Handle Successful Login</arg>
<arg>ELSE</arg>
<arg>Handle Failed Login</arg>
<doc>Runs the given keyword with the given arguments, if ``condition`` is true.</doc>
<status status="PASS" start="2024-12-27T09:07:56.247890" elapsed="3.121348"/>
</kw>
<kw name="Log" owner="BuiltIn">
<msg time="2024-12-27T09:07:59.369649" level="INFO">Final Login Status: FAILED</msg>
<arg>Final Login Status: ${login_status}</arg>
<arg>console=True</arg>
<doc>Logs the given message with the given level.</doc>
<status status="PASS" start="2024-12-27T09:07:59.369374" elapsed="0.000457"/>
</kw>
<arg>username=Adm</arg>
<arg>password=admin12</arg>
<status status="PASS" start="2024-12-27T09:07:54.778411" elapsed="4.591557"/>
</kw>
<status status="PASS" start="2024-12-27T09:07:54.775934" elapsed="4.594141"/>
</test>
<kw name="Close Browsers" owner="login_page_resource" type="TEARDOWN">
<kw name="Close All Browsers" owner="SeleniumLibrary">
<doc>Closes all open browsers and resets the browser cache.</doc>
<status status="PASS" start="2024-12-27T09:07:59.370928" elapsed="2.302189"/>
</kw>
<status status="PASS" start="2024-12-27T09:07:59.370614" elapsed="2.302674"/>
</kw>
<status status="PASS" start="2024-12-27T09:07:33.470383" elapsed="28.202970"/>
</suite>
<statistics>
<total>
<stat pass="4" fail="0" skip="0">All Tests</stat>
</total>
<tag>
</tag>
<suite>
<stat pass="4" fail="0" skip="0" id="s1" name="Login DDT Excel">Login DDT Excel</stat>
</suite>
</statistics>
<errors>
<msg time="2024-12-27T09:07:45.000969" level="WARN">Multiple tests with name 'Data Driven Testing using Test Data in Excel File' executed in suite 'Login DDT Excel'.</msg>
<msg time="2024-12-27T09:07:50.042863" level="WARN">Multiple tests with name 'Data Driven Testing using Test Data in Excel File' executed in suite 'Login DDT Excel'.</msg>
<msg time="2024-12-27T09:07:54.775619" level="WARN">Multiple tests with name 'Data Driven Testing using Test Data in Excel File' executed in suite 'Login DDT Excel'.</msg>
</errors>
</robot>
